<?xml version="1.0" encoding="UTF-8"?>
<testsuite xmlns:xsi="http://www.w3.org/2001/XMLSchema-instance" xsi:noNamespaceSchemaLocation="https://maven.apache.org/surefire/maven-surefire-plugin/xsd/surefire-test-report-3.0.xsd" version="3.0" name="TestSuite" time="2.224" tests="2" errors="0" skipped="0" failures="0">
  <properties>
    <property name="java.specification.version" value="16"/>
    <property name="sun.cpu.isalist" value="amd64"/>
    <property name="sonar.login" value="6cb3f98ba5e4a6d971ebdcc3b3f5d92e87821b50"/>
    <property name="sonar.host.url" value="http://localhost:9000"/>
    <property name="sun.jnu.encoding" value="Cp1252"/>
    <property name="java.class.path" value="C:\Users\g706427\Box Sync\eclipse\maven.testng.selenium.jenkins\target\test-classes;C:\Users\g706427\Box Sync\eclipse\maven.testng.selenium.jenkins\target\classes;C:\maven_repo\org\testng\testng\7.3.0\testng-7.3.0.jar;C:\maven_repo\com\beust\jcommander\1.78\jcommander-1.78.jar;C:\maven_repo\org\apache\ant\ant\1.10.3\ant-1.10.3.jar;C:\maven_repo\org\apache\ant\ant-launcher\1.10.3\ant-launcher-1.10.3.jar;C:\maven_repo\junit\junit\4.12\junit-4.12.jar;C:\maven_repo\org\hamcrest\hamcrest-core\1.3\hamcrest-core-1.3.jar;C:\maven_repo\com\google\inject\guice\4.2.2\guice-4.2.2-no_aop.jar;C:\maven_repo\javax\inject\javax.inject\1\javax.inject-1.jar;C:\maven_repo\aopalliance\aopalliance\1.0\aopalliance-1.0.jar;C:\maven_repo\org\yaml\snakeyaml\1.21\snakeyaml-1.21.jar;C:\maven_repo\org\seleniumhq\selenium\selenium-java\3.141.59\selenium-java-3.141.59.jar;C:\maven_repo\org\seleniumhq\selenium\selenium-api\3.141.59\selenium-api-3.141.59.jar;C:\maven_repo\org\seleniumhq\selenium\selenium-chrome-driver\3.141.59\selenium-chrome-driver-3.141.59.jar;C:\maven_repo\org\seleniumhq\selenium\selenium-edge-driver\3.141.59\selenium-edge-driver-3.141.59.jar;C:\maven_repo\org\seleniumhq\selenium\selenium-firefox-driver\3.141.59\selenium-firefox-driver-3.141.59.jar;C:\maven_repo\org\seleniumhq\selenium\selenium-ie-driver\3.141.59\selenium-ie-driver-3.141.59.jar;C:\maven_repo\org\seleniumhq\selenium\selenium-opera-driver\3.141.59\selenium-opera-driver-3.141.59.jar;C:\maven_repo\org\seleniumhq\selenium\selenium-remote-driver\3.141.59\selenium-remote-driver-3.141.59.jar;C:\maven_repo\org\seleniumhq\selenium\selenium-safari-driver\3.141.59\selenium-safari-driver-3.141.59.jar;C:\maven_repo\org\seleniumhq\selenium\selenium-support\3.141.59\selenium-support-3.141.59.jar;C:\maven_repo\net\bytebuddy\byte-buddy\1.8.15\byte-buddy-1.8.15.jar;C:\maven_repo\org\apache\commons\commons-exec\1.3\commons-exec-1.3.jar;C:\maven_repo\com\google\guava\guava\25.0-jre\guava-25.0-jre.jar;C:\maven_repo\com\google\code\findbugs\jsr305\1.3.9\jsr305-1.3.9.jar;C:\maven_repo\org\checkerframework\checker-compat-qual\2.0.0\checker-compat-qual-2.0.0.jar;C:\maven_repo\com\google\errorprone\error_prone_annotations\2.1.3\error_prone_annotations-2.1.3.jar;C:\maven_repo\com\google\j2objc\j2objc-annotations\1.1\j2objc-annotations-1.1.jar;C:\maven_repo\org\codehaus\mojo\animal-sniffer-annotations\1.14\animal-sniffer-annotations-1.14.jar;C:\maven_repo\com\squareup\okhttp3\okhttp\3.11.0\okhttp-3.11.0.jar;C:\maven_repo\com\squareup\okio\okio\1.14.0\okio-1.14.0.jar;C:\maven_repo\io\github\bonigarcia\webdrivermanager\5.0.3\webdrivermanager-5.0.3.jar;C:\maven_repo\org\slf4j\slf4j-api\1.7.32\slf4j-api-1.7.32.jar;C:\maven_repo\com\google\code\gson\gson\2.8.8\gson-2.8.8.jar;C:\maven_repo\org\jsoup\jsoup\1.14.2\jsoup-1.14.2.jar;C:\maven_repo\com\github\docker-java\docker-java\3.2.12\docker-java-3.2.12.jar;C:\maven_repo\com\github\docker-java\docker-java-core\3.2.12\docker-java-core-3.2.12.jar;C:\maven_repo\com\github\docker-java\docker-java-api\3.2.12\docker-java-api-3.2.12.jar;C:\maven_repo\com\fasterxml\jackson\core\jackson-annotations\2.10.3\jackson-annotations-2.10.3.jar;C:\maven_repo\commons-io\commons-io\2.6\commons-io-2.6.jar;C:\maven_repo\org\apache\commons\commons-compress\1.21\commons-compress-1.21.jar;C:\maven_repo\commons-lang\commons-lang\2.6\commons-lang-2.6.jar;C:\maven_repo\com\fasterxml\jackson\core\jackson-databind\2.10.3\jackson-databind-2.10.3.jar;C:\maven_repo\com\fasterxml\jackson\core\jackson-core\2.10.3\jackson-core-2.10.3.jar;C:\maven_repo\org\bouncycastle\bcpkix-jdk15on\1.64\bcpkix-jdk15on-1.64.jar;C:\maven_repo\org\bouncycastle\bcprov-jdk15on\1.64\bcprov-jdk15on-1.64.jar;C:\maven_repo\org\slf4j\jcl-over-slf4j\1.7.30\jcl-over-slf4j-1.7.30.jar;C:\maven_repo\com\github\docker-java\docker-java-transport-httpclient5\3.2.12\docker-java-transport-httpclient5-3.2.12.jar;C:\maven_repo\com\github\docker-java\docker-java-transport\3.2.12\docker-java-transport-3.2.12.jar;C:\maven_repo\org\apache\httpcomponents\client5\httpclient5\5.0.3\httpclient5-5.0.3.jar;C:\maven_repo\org\apache\httpcomponents\core5\httpcore5\5.0.2\httpcore5-5.0.2.jar;C:\maven_repo\commons-codec\commons-codec\1.13\commons-codec-1.13.jar;C:\maven_repo\net\java\dev\jna\jna\5.8.0\jna-5.8.0.jar;C:\maven_repo\org\brotli\dec\0.1.2\dec-0.1.2.jar;C:\maven_repo\org\jacoco\jacoco-maven-plugin\0.8.7\jacoco-maven-plugin-0.8.7.jar;C:\maven_repo\org\apache\maven\maven-plugin-api\3.0\maven-plugin-api-3.0.jar;C:\maven_repo\org\apache\maven\maven-model\3.0\maven-model-3.0.jar;C:\maven_repo\org\apache\maven\maven-artifact\3.0\maven-artifact-3.0.jar;C:\maven_repo\org\sonatype\sisu\sisu-inject-plexus\1.4.2\sisu-inject-plexus-1.4.2.jar;C:\maven_repo\org\sonatype\sisu\sisu-inject-bean\1.4.2\sisu-inject-bean-1.4.2.jar;C:\maven_repo\org\sonatype\sisu\sisu-guice\2.1.7\sisu-guice-2.1.7-noaop.jar;C:\maven_repo\org\apache\maven\maven-core\3.0\maven-core-3.0.jar;C:\maven_repo\org\apache\maven\maven-settings\3.0\maven-settings-3.0.jar;C:\maven_repo\org\apache\maven\maven-settings-builder\3.0\maven-settings-builder-3.0.jar;C:\maven_repo\org\apache\maven\maven-repository-metadata\3.0\maven-repository-metadata-3.0.jar;C:\maven_repo\org\apache\maven\maven-model-builder\3.0\maven-model-builder-3.0.jar;C:\maven_repo\org\apache\maven\maven-aether-provider\3.0\maven-aether-provider-3.0.jar;C:\maven_repo\org\sonatype\aether\aether-impl\1.7\aether-impl-1.7.jar;C:\maven_repo\org\sonatype\aether\aether-spi\1.7\aether-spi-1.7.jar;C:\maven_repo\org\sonatype\aether\aether-api\1.7\aether-api-1.7.jar;C:\maven_repo\org\sonatype\aether\aether-util\1.7\aether-util-1.7.jar;C:\maven_repo\org\codehaus\plexus\plexus-interpolation\1.14\plexus-interpolation-1.14.jar;C:\maven_repo\org\codehaus\plexus\plexus-classworlds\2.2.3\plexus-classworlds-2.2.3.jar;C:\maven_repo\org\codehaus\plexus\plexus-component-annotations\1.5.5\plexus-component-annotations-1.5.5.jar;C:\maven_repo\org\sonatype\plexus\plexus-sec-dispatcher\1.3\plexus-sec-dispatcher-1.3.jar;C:\maven_repo\org\sonatype\plexus\plexus-cipher\1.4\plexus-cipher-1.4.jar;C:\maven_repo\org\codehaus\plexus\plexus-utils\3.0.22\plexus-utils-3.0.22.jar;C:\maven_repo\org\apache\maven\shared\file-management\1.2.1\file-management-1.2.1.jar;C:\maven_repo\org\apache\maven\shared\maven-shared-io\1.1\maven-shared-io-1.1.jar;C:\maven_repo\org\apache\maven\maven-artifact-manager\2.0.2\maven-artifact-manager-2.0.2.jar;C:\maven_repo\org\apache\maven\wagon\wagon-provider-api\1.0-alpha-6\wagon-provider-api-1.0-alpha-6.jar;C:\maven_repo\org\codehaus\plexus\plexus-container-default\1.0-alpha-9\plexus-container-default-1.0-alpha-9.jar;C:\maven_repo\classworlds\classworlds\1.1-alpha-2\classworlds-1.1-alpha-2.jar;C:\maven_repo\org\apache\maven\reporting\maven-reporting-api\3.0\maven-reporting-api-3.0.jar;C:\maven_repo\org\apache\maven\doxia\doxia-sink-api\1.0\doxia-sink-api-1.0.jar;C:\maven_repo\org\jacoco\org.jacoco.agent\0.8.7\org.jacoco.agent-0.8.7-runtime.jar;C:\maven_repo\org\jacoco\org.jacoco.core\0.8.7\org.jacoco.core-0.8.7.jar;C:\maven_repo\org\ow2\asm\asm\9.1\asm-9.1.jar;C:\maven_repo\org\ow2\asm\asm-commons\9.1\asm-commons-9.1.jar;C:\maven_repo\org\ow2\asm\asm-analysis\9.1\asm-analysis-9.1.jar;C:\maven_repo\org\ow2\asm\asm-tree\9.1\asm-tree-9.1.jar;C:\maven_repo\org\jacoco\org.jacoco.report\0.8.7\org.jacoco.report-0.8.7.jar;"/>
    <property name="java.vm.vendor" value="Oracle Corporation"/>
    <property name="sun.arch.data.model" value="64"/>
    <property name="user.variant" value=""/>
    <property name="java.vendor.url" value="https://java.oracle.com/"/>
    <property name="user.timezone" value="Asia/Calcutta"/>
    <property name="os.name" value="Windows 10"/>
    <property name="java.vm.specification.version" value="16"/>
    <property name="sonar.coverage.jacoco.xmlReportPaths" value="C:\Users\g706427\Box Sync\eclipse\maven.testng.selenium.jenkins\target\jacoco\jacoco.xml"/>
    <property name="sun.java.launcher" value="SUN_STANDARD"/>
    <property name="user.country" value="US"/>
    <property name="sun.boot.library.path" value="C:\Users\g706427\.p2\pool\plugins\org.eclipse.justj.openjdk.hotspot.jre.full.win32.x86_64_16.0.2.v20210721-1149\jre\bin"/>
    <property name="sun.java.command" value="C:\Users\g706427\AppData\Local\Temp\surefire10702632571473643287\surefirebooter13303992427325062955.jar C:\Users\g706427\AppData\Local\Temp\surefire10702632571473643287 2021-10-19T21-27-35_455-jvmRun1 surefire1443288792632522747tmp surefire_018138388004537497892tmp"/>
    <property name="jdk.debug" value="release"/>
    <property name="surefire.test.class.path" value="C:\Users\g706427\Box Sync\eclipse\maven.testng.selenium.jenkins\target\test-classes;C:\Users\g706427\Box Sync\eclipse\maven.testng.selenium.jenkins\target\classes;C:\maven_repo\org\testng\testng\7.3.0\testng-7.3.0.jar;C:\maven_repo\com\beust\jcommander\1.78\jcommander-1.78.jar;C:\maven_repo\org\apache\ant\ant\1.10.3\ant-1.10.3.jar;C:\maven_repo\org\apache\ant\ant-launcher\1.10.3\ant-launcher-1.10.3.jar;C:\maven_repo\junit\junit\4.12\junit-4.12.jar;C:\maven_repo\org\hamcrest\hamcrest-core\1.3\hamcrest-core-1.3.jar;C:\maven_repo\com\google\inject\guice\4.2.2\guice-4.2.2-no_aop.jar;C:\maven_repo\javax\inject\javax.inject\1\javax.inject-1.jar;C:\maven_repo\aopalliance\aopalliance\1.0\aopalliance-1.0.jar;C:\maven_repo\org\yaml\snakeyaml\1.21\snakeyaml-1.21.jar;C:\maven_repo\org\seleniumhq\selenium\selenium-java\3.141.59\selenium-java-3.141.59.jar;C:\maven_repo\org\seleniumhq\selenium\selenium-api\3.141.59\selenium-api-3.141.59.jar;C:\maven_repo\org\seleniumhq\selenium\selenium-chrome-driver\3.141.59\selenium-chrome-driver-3.141.59.jar;C:\maven_repo\org\seleniumhq\selenium\selenium-edge-driver\3.141.59\selenium-edge-driver-3.141.59.jar;C:\maven_repo\org\seleniumhq\selenium\selenium-firefox-driver\3.141.59\selenium-firefox-driver-3.141.59.jar;C:\maven_repo\org\seleniumhq\selenium\selenium-ie-driver\3.141.59\selenium-ie-driver-3.141.59.jar;C:\maven_repo\org\seleniumhq\selenium\selenium-opera-driver\3.141.59\selenium-opera-driver-3.141.59.jar;C:\maven_repo\org\seleniumhq\selenium\selenium-remote-driver\3.141.59\selenium-remote-driver-3.141.59.jar;C:\maven_repo\org\seleniumhq\selenium\selenium-safari-driver\3.141.59\selenium-safari-driver-3.141.59.jar;C:\maven_repo\org\seleniumhq\selenium\selenium-support\3.141.59\selenium-support-3.141.59.jar;C:\maven_repo\net\bytebuddy\byte-buddy\1.8.15\byte-buddy-1.8.15.jar;C:\maven_repo\org\apache\commons\commons-exec\1.3\commons-exec-1.3.jar;C:\maven_repo\com\google\guava\guava\25.0-jre\guava-25.0-jre.jar;C:\maven_repo\com\google\code\findbugs\jsr305\1.3.9\jsr305-1.3.9.jar;C:\maven_repo\org\checkerframework\checker-compat-qual\2.0.0\checker-compat-qual-2.0.0.jar;C:\maven_repo\com\google\errorprone\error_prone_annotations\2.1.3\error_prone_annotations-2.1.3.jar;C:\maven_repo\com\google\j2objc\j2objc-annotations\1.1\j2objc-annotations-1.1.jar;C:\maven_repo\org\codehaus\mojo\animal-sniffer-annotations\1.14\animal-sniffer-annotations-1.14.jar;C:\maven_repo\com\squareup\okhttp3\okhttp\3.11.0\okhttp-3.11.0.jar;C:\maven_repo\com\squareup\okio\okio\1.14.0\okio-1.14.0.jar;C:\maven_repo\io\github\bonigarcia\webdrivermanager\5.0.3\webdrivermanager-5.0.3.jar;C:\maven_repo\org\slf4j\slf4j-api\1.7.32\slf4j-api-1.7.32.jar;C:\maven_repo\com\google\code\gson\gson\2.8.8\gson-2.8.8.jar;C:\maven_repo\org\jsoup\jsoup\1.14.2\jsoup-1.14.2.jar;C:\maven_repo\com\github\docker-java\docker-java\3.2.12\docker-java-3.2.12.jar;C:\maven_repo\com\github\docker-java\docker-java-core\3.2.12\docker-java-core-3.2.12.jar;C:\maven_repo\com\github\docker-java\docker-java-api\3.2.12\docker-java-api-3.2.12.jar;C:\maven_repo\com\fasterxml\jackson\core\jackson-annotations\2.10.3\jackson-annotations-2.10.3.jar;C:\maven_repo\commons-io\commons-io\2.6\commons-io-2.6.jar;C:\maven_repo\org\apache\commons\commons-compress\1.21\commons-compress-1.21.jar;C:\maven_repo\commons-lang\commons-lang\2.6\commons-lang-2.6.jar;C:\maven_repo\com\fasterxml\jackson\core\jackson-databind\2.10.3\jackson-databind-2.10.3.jar;C:\maven_repo\com\fasterxml\jackson\core\jackson-core\2.10.3\jackson-core-2.10.3.jar;C:\maven_repo\org\bouncycastle\bcpkix-jdk15on\1.64\bcpkix-jdk15on-1.64.jar;C:\maven_repo\org\bouncycastle\bcprov-jdk15on\1.64\bcprov-jdk15on-1.64.jar;C:\maven_repo\org\slf4j\jcl-over-slf4j\1.7.30\jcl-over-slf4j-1.7.30.jar;C:\maven_repo\com\github\docker-java\docker-java-transport-httpclient5\3.2.12\docker-java-transport-httpclient5-3.2.12.jar;C:\maven_repo\com\github\docker-java\docker-java-transport\3.2.12\docker-java-transport-3.2.12.jar;C:\maven_repo\org\apache\httpcomponents\client5\httpclient5\5.0.3\httpclient5-5.0.3.jar;C:\maven_repo\org\apache\httpcomponents\core5\httpcore5\5.0.2\httpcore5-5.0.2.jar;C:\maven_repo\commons-codec\commons-codec\1.13\commons-codec-1.13.jar;C:\maven_repo\net\java\dev\jna\jna\5.8.0\jna-5.8.0.jar;C:\maven_repo\org\brotli\dec\0.1.2\dec-0.1.2.jar;C:\maven_repo\org\jacoco\jacoco-maven-plugin\0.8.7\jacoco-maven-plugin-0.8.7.jar;C:\maven_repo\org\apache\maven\maven-plugin-api\3.0\maven-plugin-api-3.0.jar;C:\maven_repo\org\apache\maven\maven-model\3.0\maven-model-3.0.jar;C:\maven_repo\org\apache\maven\maven-artifact\3.0\maven-artifact-3.0.jar;C:\maven_repo\org\sonatype\sisu\sisu-inject-plexus\1.4.2\sisu-inject-plexus-1.4.2.jar;C:\maven_repo\org\sonatype\sisu\sisu-inject-bean\1.4.2\sisu-inject-bean-1.4.2.jar;C:\maven_repo\org\sonatype\sisu\sisu-guice\2.1.7\sisu-guice-2.1.7-noaop.jar;C:\maven_repo\org\apache\maven\maven-core\3.0\maven-core-3.0.jar;C:\maven_repo\org\apache\maven\maven-settings\3.0\maven-settings-3.0.jar;C:\maven_repo\org\apache\maven\maven-settings-builder\3.0\maven-settings-builder-3.0.jar;C:\maven_repo\org\apache\maven\maven-repository-metadata\3.0\maven-repository-metadata-3.0.jar;C:\maven_repo\org\apache\maven\maven-model-builder\3.0\maven-model-builder-3.0.jar;C:\maven_repo\org\apache\maven\maven-aether-provider\3.0\maven-aether-provider-3.0.jar;C:\maven_repo\org\sonatype\aether\aether-impl\1.7\aether-impl-1.7.jar;C:\maven_repo\org\sonatype\aether\aether-spi\1.7\aether-spi-1.7.jar;C:\maven_repo\org\sonatype\aether\aether-api\1.7\aether-api-1.7.jar;C:\maven_repo\org\sonatype\aether\aether-util\1.7\aether-util-1.7.jar;C:\maven_repo\org\codehaus\plexus\plexus-interpolation\1.14\plexus-interpolation-1.14.jar;C:\maven_repo\org\codehaus\plexus\plexus-classworlds\2.2.3\plexus-classworlds-2.2.3.jar;C:\maven_repo\org\codehaus\plexus\plexus-component-annotations\1.5.5\plexus-component-annotations-1.5.5.jar;C:\maven_repo\org\sonatype\plexus\plexus-sec-dispatcher\1.3\plexus-sec-dispatcher-1.3.jar;C:\maven_repo\org\sonatype\plexus\plexus-cipher\1.4\plexus-cipher-1.4.jar;C:\maven_repo\org\codehaus\plexus\plexus-utils\3.0.22\plexus-utils-3.0.22.jar;C:\maven_repo\org\apache\maven\shared\file-management\1.2.1\file-management-1.2.1.jar;C:\maven_repo\org\apache\maven\shared\maven-shared-io\1.1\maven-shared-io-1.1.jar;C:\maven_repo\org\apache\maven\maven-artifact-manager\2.0.2\maven-artifact-manager-2.0.2.jar;C:\maven_repo\org\apache\maven\wagon\wagon-provider-api\1.0-alpha-6\wagon-provider-api-1.0-alpha-6.jar;C:\maven_repo\org\codehaus\plexus\plexus-container-default\1.0-alpha-9\plexus-container-default-1.0-alpha-9.jar;C:\maven_repo\classworlds\classworlds\1.1-alpha-2\classworlds-1.1-alpha-2.jar;C:\maven_repo\org\apache\maven\reporting\maven-reporting-api\3.0\maven-reporting-api-3.0.jar;C:\maven_repo\org\apache\maven\doxia\doxia-sink-api\1.0\doxia-sink-api-1.0.jar;C:\maven_repo\org\jacoco\org.jacoco.agent\0.8.7\org.jacoco.agent-0.8.7-runtime.jar;C:\maven_repo\org\jacoco\org.jacoco.core\0.8.7\org.jacoco.core-0.8.7.jar;C:\maven_repo\org\ow2\asm\asm\9.1\asm-9.1.jar;C:\maven_repo\org\ow2\asm\asm-commons\9.1\asm-commons-9.1.jar;C:\maven_repo\org\ow2\asm\asm-analysis\9.1\asm-analysis-9.1.jar;C:\maven_repo\org\ow2\asm\asm-tree\9.1\asm-tree-9.1.jar;C:\maven_repo\org\jacoco\org.jacoco.report\0.8.7\org.jacoco.report-0.8.7.jar;"/>
    <property name="sun.cpu.endian" value="little"/>
    <property name="user.home" value="C:\Users\g706427"/>
    <property name="user.language" value="en"/>
    <property name="java.specification.vendor" value="Oracle Corporation"/>
    <property name="java.version.date" value="2021-07-20"/>
    <property name="java.home" value="C:\Users\g706427\.p2\pool\plugins\org.eclipse.justj.openjdk.hotspot.jre.full.win32.x86_64_16.0.2.v20210721-1149\jre"/>
    <property name="file.separator" value="\"/>
    <property name="basedir" value="C:\Users\g706427\Box Sync\eclipse\maven.testng.selenium.jenkins"/>
    <property name="java.vm.compressedOopsMode" value="Zero based"/>
    <property name="line.separator" value="&#10;"/>
    <property name="java.vm.specification.vendor" value="Oracle Corporation"/>
    <property name="java.specification.name" value="Java Platform API Specification"/>
    <property name="surefire.real.class.path" value="C:\Users\g706427\AppData\Local\Temp\surefire10702632571473643287\surefirebooter13303992427325062955.jar"/>
    <property name="user.script" value=""/>
    <property name="sun.management.compiler" value="HotSpot 64-Bit Tiered Compilers"/>
    <property name="java.runtime.version" value="16.0.2+7-67"/>
    <property name="user.name" value="g706427"/>
    <property name="path.separator" value=";"/>
    <property name="os.version" value="10.0"/>
    <property name="java.runtime.name" value="OpenJDK Runtime Environment"/>
    <property name="file.encoding" value="Cp1252"/>
    <property name="java.vm.name" value="OpenJDK 64-Bit Server VM"/>
    <property name="localRepository" value="C:\maven_repo"/>
    <property name="java.vendor.url.bug" value="https://bugreport.java.com/bugreport/"/>
    <property name="java.io.tmpdir" value="C:\Users\g706427\AppData\Local\Temp\"/>
    <property name="java.version" value="16.0.2"/>
    <property name="user.dir" value="C:\Users\g706427\Box Sync\eclipse\maven.testng.selenium.jenkins"/>
    <property name="os.arch" value="amd64"/>
    <property name="java.vm.specification.name" value="Java Virtual Machine Specification"/>
    <property name="sun.os.patch.level" value=""/>
    <property name="sonar.projectKey" value="maven.testng.selenium.jenkins"/>
    <property name="java.library.path" value="C:\Users\g706427\.p2\pool\plugins\org.eclipse.justj.openjdk.hotspot.jre.full.win32.x86_64_16.0.2.v20210721-1149\jre\bin;C:\WINDOWS\Sun\Java\bin;C:\WINDOWS\system32;C:\WINDOWS;C:/Users/g706427/.p2/pool/plugins/org.eclipse.justj.openjdk.hotspot.jre.full.win32.x86_64_16.0.2.v20210721-1149/jre/bin/server;C:/Users/g706427/.p2/pool/plugins/org.eclipse.justj.openjdk.hotspot.jre.full.win32.x86_64_16.0.2.v20210721-1149/jre/bin;C:\Program Files\Java\jdk-11.0.12;C:\Program Files\Common Files\Oracle\Java\javapath;C:\ProgramData\Oracle\Java\javapath;C:\Jenkins;C:\WINDOWS\system32;C:\WINDOWS;C:\WINDOWS\System32\Wbem;C:\WINDOWS\System32\WindowsPowerShell\v1.0\;C:\Program Files\Apache Software Foundation\apache-maven-3.6.0\bin;C:\Program Files\PuTTY\;C:\LibFiles\Selenium Training Jun 2018\apache-ant-1.10.5-bin\apache-ant-1.10.5\bin;C:\LibFiles\eclipse-workspace\CP-SAT-TESTING\driver\apache-maven-3.6.0\bin;C:\Program Files\Git\cmd;C:\WINDOWS\System32\OpenSSH\;C:\Program Files (x86)\Vim\vim82;c:\Program Files (x86)\Intel\Intel(R) Management Engine Components\DAL;c:\Program Files\Intel\Intel(R) Management Engine Components\DAL;C:\Program Files (x86)\Sennheiser\SoftphoneSDK\;C:\Program Files\dotnet\;C:\Program Files\Docker\Docker\resources\bin;C:\ProgramData\DockerDesktop\version-bin;C:\Program Files (x86)\Groovy\bin;C:\ProgramData\chocolatey\bin;C:\Program Files\VisualSVN Server\bin;C:\Program Files\TortoiseSVN\bin;C:\Users\g706427\AppData\Local\Programs\Python\Python38-32\Scripts\;C:\Users\g706427\AppData\Local\Programs\Python\Python38-32\;C:\Users\g706427\AppData\Local\Programs\Python\Python37-32\Scripts\;C:\Users\g706427\AppData\Local\Programs\Python\Python37-32\;C:\Users\g706427\AppData\Local\Microsoft\WindowsApps;C:\Users\g706427\AppData\Local\atom\bin;C:\Users\g706427\AppData\Local\GitHubDesktop\bin;C:\Users\g706427\Desktop\Work\DevOps\Selenium\chromedriver_win32\;C:\Users\g706427\AppData\Local\Microsoft\WindowsApps;C:\Users\g706427\OneDrive - Syniverse\Desktop\instantclient_19_8;C:\Program Files (x86)\Vim\vim82;C:\Program Files\JetBrains\PyCharm Community Edition 2021.2\bin;;C:\Users\g706427\AppData\Local\Programs\Microsoft VS Code\bin;C:\tomcat\apache-tomcat-8.5.72;C:\Program Files\TortoiseSVN\bin;;C:\WINDOWS\system32;;."/>
    <property name="java.vm.info" value="mixed mode"/>
    <property name="java.vendor" value="Oracle Corporation"/>
    <property name="java.vm.version" value="16.0.2+7-67"/>
    <property name="sun.io.unicode.encoding" value="UnicodeLittle"/>
    <property name="java.class.version" value="60.0"/>
  </properties>
  <testcase name="testlogin1" classname="com.syniverse.AppTest" time="0.056"/>
  <testcase name="testlogin2" classname="com.syniverse.AppTest" time="0"/>
</testsuite>