<?xml version="1.0" encoding="UTF-8"?>
<!-- Generated by org.testng.reporters.JUnitReportReporter -->
<testsuite hostname="INDPC0TCNTK" failures="0" tests="1" name="com.syniverse.HomepageTitleTest" time="36.428" errors="0" timestamp="2021-09-30T10:55:43 IST" skipped="0">
  <testcase classname="com.syniverse.HomepageTitleTest" name="HpageTitleTest" time="36.428"/>
  <system-out/>
</testsuite> <!-- com.syniverse.HomepageTitleTest -->
