<?xml version="1.0" encoding="UTF-8"?>
<!-- Generated by org.testng.reporters.JUnitReportReporter -->
<testsuite hostname="INDPC0TCNTK" failures="0" tests="1" name="com.syniverse.LoginTitleTest" time="15.324" errors="0" timestamp="2021-09-29T19:30:55 IST" skipped="0">
  <testcase classname="com.syniverse.LoginTitleTest" name="loginPageTitleTest" time="15.324"/>
  <system-out/>
</testsuite> <!-- com.syniverse.LoginTitleTest -->
