<?xml version="1.0" encoding="UTF-8"?>
<!-- Generated by org.testng.reporters.JUnitReportReporter -->
<testsuite hostname="INDPC0TCNTK" failures="0" tests="1" name="com.syniverse.HomepageTitleTest" time="41.612" errors="0" timestamp="2021-09-29T19:29:44 IST" skipped="0">
  <testcase classname="com.syniverse.HomepageTitleTest" name="loginPageTitleTest" time="41.612"/>
  <system-out/>
</testsuite> <!-- com.syniverse.HomepageTitleTest -->
