<?xml version="1.0" encoding="UTF-8"?>
<!-- Generated by org.testng.reporters.JUnitReportReporter -->
<testsuite hostname="INDPC0TCNTK" failures="0" tests="1" name="com.syniverse.LoginTitleTest" time="30.828" errors="0" timestamp="2021-09-30T17:07:21 IST" skipped="0">
  <testcase classname="com.syniverse.LoginTitleTest" name="loginPageTitleTest" time="30.828"/>
  <system-out/>
</testsuite> <!-- com.syniverse.LoginTitleTest -->
