<?xml version="1.0" encoding="UTF-8"?>
<!-- Generated by org.testng.reporters.JUnitReportReporter -->
<testsuite hostname="INDPC0TCNTK" failures="0" tests="2" name="com.syniverse.AppTest" time="0.034" errors="0" timestamp="2021-10-08T21:24:40 IST" skipped="0">
  <testcase classname="com.syniverse.AppTest" name="testlogin1" time="0.034"/>
  <system-out/>
  <testcase classname="com.syniverse.AppTest" name="testlogin2" time="0.000"/>
  <system-out/>
</testsuite> <!-- com.syniverse.AppTest -->
